<?xml version="1.0" encoding="UTF-8"?>
<!-- Generated by org.testng.reporters.JUnitReportReporter -->
<testsuite skipped="0" hostname="CPX-85J1I2YMCLF" name="get_Request_Sample.Validate_Response_Headers" tests="1" failures="0" timestamp="30 toukokuuta 2018 12:36:00 GMT" time="3.229" errors="0">
  <testcase name="Validate" time="3.229" classname="get_Request_Sample.Validate_Response_Headers"/>
</testsuite> <!-- get_Request_Sample.Validate_Response_Headers -->
