<?xml version="1.0" encoding="UTF-8"?>
<!-- Generated by org.testng.reporters.JUnitReportReporter -->
<testsuite skipped="0" hostname="CPX-85J1I2YMCLF" name="post_Request.Post_Request" tests="1" failures="0" timestamp="30 toukokuuta 2018 13:14:28 GMT" time="3.282" errors="0">
  <testcase name="Validate" time="3.282" classname="post_Request.Post_Request"/>
</testsuite> <!-- post_Request.Post_Request -->
