<?xml version="1.0" encoding="UTF-8"?>
<!-- Generated by org.testng.reporters.JUnitReportReporter -->
<testsuite skipped="0" hostname="CPX-85J1I2YMCLF" name="get_Request_Sample.Get_Request" tests="1" failures="0" timestamp="30 toukokuuta 2018 12:14:27 GMT" time="4.247" errors="0">
  <testcase name="verifyResponse" time="4.247" classname="get_Request_Sample.Get_Request"/>
</testsuite> <!-- get_Request_Sample.Get_Request -->
