<?xml version="1.0" encoding="UTF-8"?>
<!-- Generated by org.testng.reporters.JUnitReportReporter -->
<testsuite skipped="0" hostname="CPX-85J1I2YMCLF" name="delete_Request.Post_And_Delete_Requests" tests="2" failures="0" timestamp="31 toukokuuta 2018 07:29:34 GMT" time="3.714" errors="0">
  <testcase name="Add_Place" time="3.331" classname="delete_Request.Post_And_Delete_Requests"/>
  <testcase name="Delete_Place" time="0.383" classname="delete_Request.Post_And_Delete_Requests"/>
</testsuite> <!-- delete_Request.Post_And_Delete_Requests -->
